This is pdfTeX, Version 3.14159265-2.6-1.40.19 (TeX Live 2018) (preloaded format=pdflatex 2018.5.9)  4 JUN 2018 16:42
entering extended mode
 \write18 enabled.
 file:line:error style messages enabled.
 %&-line parsing enabled.
**AdditionalPlots.tex
(./AdditionalPlots.tex
LaTeX2e <2018-04-01> patch level 4
Babel <3.20> and hyphenation patterns for 84 language(s) loaded.
(/usr/local/texlive/2018/texmf-dist/tex/latex/base/article.cls
Document Class: article 2014/09/29 v1.4h Standard LaTeX document class
(/usr/local/texlive/2018/texmf-dist/tex/latex/base/size10.clo
File: size10.clo 2014/09/29 v1.4h Standard LaTeX file (size option)
)
\c@part=\count80
\c@section=\count81
\c@subsection=\count82
\c@subsubsection=\count83
\c@paragraph=\count84
\c@subparagraph=\count85
\c@figure=\count86
\c@table=\count87
\abovecaptionskip=\skip41
\belowcaptionskip=\skip42
\bibindent=\dimen102
) (/usr/local/texlive/2018/texmf-dist/tex/latex/geometry/geometry.sty
Package: geometry 2018/04/16 v5.8 Page Geometry
 (/usr/local/texlive/2018/texmf-dist/tex/latex/graphics/keyval.sty
Package: keyval 2014/10/28 v1.15 key=value parser (DPC)
\KV@toks@=\toks14
) (/usr/local/texlive/2018/texmf-dist/tex/generic/oberdiek/ifpdf.sty
Package: ifpdf 2017/03/15 v3.2 Provides the ifpdf switch
) (/usr/local/texlive/2018/texmf-dist/tex/generic/oberdiek/ifvtex.sty
Package: ifvtex 2016/05/16 v1.6 Detect VTeX and its facilities (HO)
Package ifvtex Info: VTeX not detected.
) (/usr/local/texlive/2018/texmf-dist/tex/generic/ifxetex/ifxetex.sty
Package: ifxetex 2010/09/12 v0.6 Provides ifxetex conditional
)
\Gm@cnth=\count88
\Gm@cntv=\count89
\c@Gm@tempcnt=\count90
\Gm@bindingoffset=\dimen103
\Gm@wd@mp=\dimen104
\Gm@odd@mp=\dimen105
\Gm@even@mp=\dimen106
\Gm@layoutwidth=\dimen107
\Gm@layoutheight=\dimen108
\Gm@layouthoffset=\dimen109
\Gm@layoutvoffset=\dimen110
\Gm@dimlist=\toks15
) (/usr/local/texlive/2018/texmf-dist/tex/latex/graphics/graphicx.sty
Package: graphicx 2017/06/01 v1.1a Enhanced LaTeX Graphics (DPC,SPQR)
 (/usr/local/texlive/2018/texmf-dist/tex/latex/graphics/graphics.sty
Package: graphics 2017/06/25 v1.2c Standard LaTeX Graphics (DPC,SPQR)
 (/usr/local/texlive/2018/texmf-dist/tex/latex/graphics/trig.sty
Package: trig 2016/01/03 v1.10 sin cos tan (DPC)
) (/usr/local/texlive/2018/texmf-dist/tex/latex/graphics-cfg/graphics.cfg
File: graphics.cfg 2016/06/04 v1.11 sample graphics configuration
)
Package graphics Info: Driver file: pdftex.def on input line 99.
 (/usr/local/texlive/2018/texmf-dist/tex/latex/graphics-def/pdftex.def
File: pdftex.def 2018/01/08 v1.0l Graphics/color driver for pdftex
))
\Gin@req@height=\dimen111
\Gin@req@width=\dimen112
) (/usr/local/texlive/2018/texmf-dist/tex/latex/caption/subcaption.sty
Package: subcaption 2016/05/22 v1.1-161 Sub-captions (AR)
 (/usr/local/texlive/2018/texmf-dist/tex/latex/caption/caption.sty
Package: caption 2017/03/19 v3.3-145 Customizing captions (AR)
 (/usr/local/texlive/2018/texmf-dist/tex/latex/caption/caption3.sty
Package: caption3 2018/04/15 v1.7-167 caption3 kernel (AR)
Package caption3 Info: TeX engine: e-TeX on input line 64.
\captionmargin=\dimen113
\captionmargin@=\dimen114
\captionwidth=\dimen115
\caption@tempdima=\dimen116
\caption@indent=\dimen117
\caption@parindent=\dimen118
\caption@hangindent=\dimen119
)
\c@ContinuedFloat=\count91
)
\c@subfigure=\count92
\c@subtable=\count93
)
(/usr/local/texlive/2018/texmf-dist/tex/latex/booktabs/booktabs.sty
Package: booktabs 2016/04/27 v1.618033 publication quality tables
\heavyrulewidth=\dimen120
\lightrulewidth=\dimen121
\cmidrulewidth=\dimen122
\belowrulesep=\dimen123
\belowbottomsep=\dimen124
\aboverulesep=\dimen125
\abovetopsep=\dimen126
\cmidrulesep=\dimen127
\cmidrulekern=\dimen128
\defaultaddspace=\dimen129
\@cmidla=\count94
\@cmidlb=\count95
\@aboverulesep=\dimen130
\@belowrulesep=\dimen131
\@thisruleclass=\count96
\@lastruleclass=\count97
\@thisrulewidth=\dimen132
) (/usr/local/texlive/2018/texmf-dist/tex/latex/multirow/multirow.sty
Package: multirow 2016/11/25 v2.2 Span multiple rows of a table
\multirow@colwidth=\skip43
\multirow@cntb=\count98
\multirow@dima=\skip44
\bigstrutjot=\dimen133
) (/usr/local/texlive/2018/texmf-dist/tex/latex/amsfonts/amsfonts.sty
Package: amsfonts 2013/01/14 v3.01 Basic AMSFonts support
\@emptytoks=\toks16
\symAMSa=\mathgroup4
\symAMSb=\mathgroup5
LaTeX Font Info:    Overwriting math alphabet `\mathfrak' in version `bold'
(Font)                  U/euf/m/n --> U/euf/b/n on input line 106.
) (/usr/local/texlive/2018/texmf-dist/tex/latex/amsmath/amsmath.sty
Package: amsmath 2017/09/02 v2.17a AMS math features
\@mathmargin=\skip45

For additional information on amsmath, use the `?' option.
(/usr/local/texlive/2018/texmf-dist/tex/latex/amsmath/amstext.sty
Package: amstext 2000/06/29 v2.01 AMS text
 (/usr/local/texlive/2018/texmf-dist/tex/latex/amsmath/amsgen.sty
File: amsgen.sty 1999/11/30 v2.0 generic functions
\@emptytoks=\toks17
\ex@=\dimen134
)) (/usr/local/texlive/2018/texmf-dist/tex/latex/amsmath/amsbsy.sty
Package: amsbsy 1999/11/29 v1.2d Bold Symbols
\pmbraise@=\dimen135
) (/usr/local/texlive/2018/texmf-dist/tex/latex/amsmath/amsopn.sty
Package: amsopn 2016/03/08 v2.02 operator names
)
\inf@bad=\count99
LaTeX Info: Redefining \frac on input line 213.
\uproot@=\count100
\leftroot@=\count101
LaTeX Info: Redefining \overline on input line 375.
\classnum@=\count102
\DOTSCASE@=\count103
LaTeX Info: Redefining \ldots on input line 472.
LaTeX Info: Redefining \dots on input line 475.
LaTeX Info: Redefining \cdots on input line 596.
\Mathstrutbox@=\box26
\strutbox@=\box27
\big@size=\dimen136
LaTeX Font Info:    Redeclaring font encoding OML on input line 712.
LaTeX Font Info:    Redeclaring font encoding OMS on input line 713.
\macc@depth=\count104
\c@MaxMatrixCols=\count105
\dotsspace@=\muskip10
\c@parentequation=\count106
\dspbrk@lvl=\count107
\tag@help=\toks18
\row@=\count108
\column@=\count109
\maxfields@=\count110
\andhelp@=\toks19
\eqnshift@=\dimen137
\alignsep@=\dimen138
\tagshift@=\dimen139
\tagwidth@=\dimen140
\totwidth@=\dimen141
\lineht@=\dimen142
\@envbody=\toks20
\multlinegap=\skip46
\multlinetaggap=\skip47
\mathdisplay@stack=\toks21
LaTeX Info: Redefining \[ on input line 2817.
LaTeX Info: Redefining \] on input line 2818.
) (/usr/local/texlive/2018/texmf-dist/tex/latex/amsfonts/amssymb.sty
Package: amssymb 2013/01/14 v3.01 AMS font symbols
) (/usr/local/texlive/2018/texmf-dist/tex/latex/base/fontenc.sty
Package: fontenc 2017/04/05 v2.0i Standard LaTeX package
 (/usr/local/texlive/2018/texmf-dist/tex/latex/base/t1enc.def
File: t1enc.def 2017/04/05 v2.0i Standard LaTeX file
LaTeX Font Info:    Redeclaring font encoding T1 on input line 48.
)) (/usr/local/texlive/2018/texmf-dist/tex/latex/siunitx/siunitx.sty (/usr/local/texlive/2018/texmf-dist/tex/latex/l3kernel/expl3.sty
Package: expl3 2018-04-30 L3 programming layer (loader) 
 (/usr/local/texlive/2018/texmf-dist/tex/latex/l3kernel/expl3-code.tex
Package: expl3 2018-04-30 L3 programming layer (code)
\c_max_int=\count111
\l_tmpa_int=\count112
\l_tmpb_int=\count113
\g_tmpa_int=\count114
\g_tmpb_int=\count115
\g__kernel_prg_map_int=\count116
\c_log_iow=\count117
\l_iow_line_count_int=\count118
\l__iow_line_target_int=\count119
\l__iow_one_indent_int=\count120
\l__iow_indent_int=\count121
\c_zero_dim=\dimen143
\c_max_dim=\dimen144
\l_tmpa_dim=\dimen145
\l_tmpb_dim=\dimen146
\g_tmpa_dim=\dimen147
\g_tmpb_dim=\dimen148
\c_zero_skip=\skip48
\c_max_skip=\skip49
\l_tmpa_skip=\skip50
\l_tmpb_skip=\skip51
\g_tmpa_skip=\skip52
\g_tmpb_skip=\skip53
\c_zero_muskip=\muskip11
\c_max_muskip=\muskip12
\l_tmpa_muskip=\muskip13
\l_tmpb_muskip=\muskip14
\g_tmpa_muskip=\muskip15
\g_tmpb_muskip=\muskip16
\l_keys_choice_int=\count122
\c__fp_leading_shift_int=\count123
\c__fp_middle_shift_int=\count124
\c__fp_trailing_shift_int=\count125
\c__fp_big_leading_shift_int=\count126
\c__fp_big_middle_shift_int=\count127
\c__fp_big_trailing_shift_int=\count128
\c__fp_Bigg_leading_shift_int=\count129
\c__fp_Bigg_middle_shift_int=\count130
\c__fp_Bigg_trailing_shift_int=\count131
\c__fp_rand_size_int=\count132
\c__fp_rand_four_int=\count133
\c__fp_rand_eight_int=\count134
\c__intarray_sp_dim=\dimen149
\g__intarray_font_int=\count135
\l__sort_length_int=\count136
\l__sort_min_int=\count137
\l__sort_top_int=\count138
\l__sort_max_int=\count139
\l__sort_true_max_int=\count140
\l__sort_block_int=\count141
\l__sort_begin_int=\count142
\l__sort_end_int=\count143
\l__sort_A_int=\count144
\l__sort_B_int=\count145
\l__sort_C_int=\count146
\l__tl_analysis_normal_int=\count147
\l__tl_analysis_index_int=\count148
\l__tl_analysis_nesting_int=\count149
\l__tl_analysis_type_int=\count150
\l__regex_internal_a_int=\count151
\l__regex_internal_b_int=\count152
\l__regex_internal_c_int=\count153
\l__regex_balance_int=\count154
\l__regex_group_level_int=\count155
\l__regex_mode_int=\count156
\c__regex_cs_in_class_mode_int=\count157
\c__regex_cs_mode_int=\count158
\l__regex_catcodes_int=\count159
\l__regex_default_catcodes_int=\count160
\c__regex_catcode_D_int=\count161
\c__regex_catcode_S_int=\count162
\c__regex_catcode_L_int=\count163
\c__regex_catcode_O_int=\count164
\c__regex_catcode_A_int=\count165
\c__regex_all_catcodes_int=\count166
\l__regex_show_lines_int=\count167
\l__regex_min_state_int=\count168
\l__regex_max_state_int=\count169
\l__regex_left_state_int=\count170
\l__regex_right_state_int=\count171
\l__regex_capturing_group_int=\count172
\l__regex_min_pos_int=\count173
\l__regex_max_pos_int=\count174
\l__regex_curr_pos_int=\count175
\l__regex_start_pos_int=\count176
\l__regex_success_pos_int=\count177
\l__regex_curr_char_int=\count178
\l__regex_curr_catcode_int=\count179
\l__regex_last_char_int=\count180
\l__regex_case_changed_char_int=\count181
\l__regex_curr_state_int=\count182
\l__regex_step_int=\count183
\l__regex_min_active_int=\count184
\l__regex_max_active_int=\count185
\l__regex_replacement_csnames_int=\count186
\l__regex_match_count_int=\count187
\l__regex_min_submatch_int=\count188
\l__regex_submatch_int=\count189
\l__regex_zeroth_submatch_int=\count190
\g__regex_trace_regex_int=\count191
\c_empty_box=\box28
\l_tmpa_box=\box29
\l_tmpb_box=\box30
\g_tmpa_box=\box31
\g_tmpb_box=\box32
\l__box_top_dim=\dimen150
\l__box_bottom_dim=\dimen151
\l__box_left_dim=\dimen152
\l__box_right_dim=\dimen153
\l__box_top_new_dim=\dimen154
\l__box_bottom_new_dim=\dimen155
\l__box_left_new_dim=\dimen156
\l__box_right_new_dim=\dimen157
\l__box_internal_box=\box33
\l__coffin_internal_box=\box34
\l__coffin_internal_dim=\dimen158
\l__coffin_offset_x_dim=\dimen159
\l__coffin_offset_y_dim=\dimen160
\l__coffin_x_dim=\dimen161
\l__coffin_y_dim=\dimen162
\l__coffin_x_prime_dim=\dimen163
\l__coffin_y_prime_dim=\dimen164
\c_empty_coffin=\box35
\l__coffin_aligned_coffin=\box36
\l__coffin_aligned_internal_coffin=\box37
\l_tmpa_coffin=\box38
\l_tmpb_coffin=\box39
\l__coffin_display_coffin=\box40
\l__coffin_display_coord_coffin=\box41
\l__coffin_display_pole_coffin=\box42
\l__coffin_display_offset_dim=\dimen165
\l__coffin_display_x_dim=\dimen166
\l__coffin_display_y_dim=\dimen167
\g__file_internal_ior=\read1
\l__coffin_bounding_shift_dim=\dimen168
\l__coffin_left_corner_dim=\dimen169
\l__coffin_right_corner_dim=\dimen170
\l__coffin_bottom_corner_dim=\dimen171
\l__coffin_top_corner_dim=\dimen172
\l__coffin_scaled_total_height_dim=\dimen173
\l__coffin_scaled_width_dim=\dimen174
\l__seq_internal_a_int=\count192
\l__seq_internal_b_int=\count193
) (/usr/local/texlive/2018/texmf-dist/tex/latex/l3kernel/l3pdfmode.def
File: l3pdfmode.def 2018-04-30 v L3 Experimental driver: PDF mode
\l__driver_color_stack_int=\count194
)) (/usr/local/texlive/2018/texmf-dist/tex/latex/l3packages/xparse/xparse.sty
Package: xparse 2018-04-30 L3 Experimental document command parser
\l__xparse_current_arg_int=\count195
\g__xparse_grabber_int=\count196
\l__xparse_m_args_int=\count197
\l__xparse_mandatory_args_int=\count198
\l__xparse_v_nesting_int=\count199
)
Package: siunitx 2018-05-02 v2.7o A comprehensive (SI) units package
 (/usr/local/texlive/2018/texmf-dist/tex/latex/tools/array.sty
Package: array 2018/04/30 v2.4h Tabular extension package (FMi)
\col@sep=\dimen175
\ar@mcellbox=\box43
\extrarowheight=\dimen176
\NC@list=\toks22
\extratabsurround=\skip54
\backup@length=\skip55
\ar@cellbox=\box44
) (/usr/local/texlive/2018/texmf-dist/tex/latex/l3packages/l3keys2e/l3keys2e.sty
Package: l3keys2e 2018-04-30 LaTeX2e option processing using LaTeX3 keys
)
\l__siunitx_tmp_box=\box45
\l__siunitx_tmp_dim=\dimen177
\l__siunitx_tmp_int=\count266
\l__siunitx_number_mantissa_length_int=\count267
\l__siunitx_number_uncert_length_int=\count268
\l__siunitx_round_int=\count269
\l__siunitx_process_decimal_int=\count270
\l__siunitx_process_uncertainty_int=\count271
\l__siunitx_process_fixed_int=\count272
\l__siunitx_process_integer_min_int=\count273
\l__siunitx_process_precision_int=\count274
\l__siunitx_group_min_int=\count275
\l__siunitx_angle_marker_box=\box46
\l__siunitx_angle_unit_box=\box47
\l__siunitx_angle_marker_dim=\dimen178
\l__siunitx_angle_unit_dim=\dimen179
\l__siunitx_unit_int=\count276
\l__siunitx_unit_denominator_int=\count277
\l__siunitx_unit_numerator_int=\count278
\l__siunitx_unit_prefix_int=\count279
\l__siunitx_unit_prefix_base_int=\count280
\l__siunitx_unit_prefix_gram_int=\count281
\l__siunitx_number_product_int=\count282
\c__siunitx_one_fill_skip=\skip56
\l__siunitx_table_unit_align_skip=\skip57
\l__siunitx_table_exponent_dim=\dimen180
\l__siunitx_table_integer_dim=\dimen181
\l__siunitx_table_mantissa_dim=\dimen182
\l__siunitx_table_marker_dim=\dimen183
\l__siunitx_table_result_dim=\dimen184
\l__siunitx_table_uncert_dim=\dimen185
\l__siunitx_table_fill_pre_dim=\dimen186
\l__siunitx_table_fill_post_dim=\dimen187
\l__siunitx_table_fill_mid_dim=\dimen188
\l__siunitx_table_pre_box=\box48
\l__siunitx_table_post_box=\box49
\l__siunitx_table_mantissa_box=\box50
\l__siunitx_table_result_box=\box51
\l__siunitx_table_number_align_skip=\skip58
\l__siunitx_table_text_align_skip=\skip59
.................................................
. LaTeX info: "xparse/define-command"
. 
. Defining command \DeclareBinaryPrefix with sig. 'mmm' on line 7244.
.................................................
.................................................
. LaTeX info: "xparse/define-command"
. 
. Defining command \DeclareSIPostPower with sig. 'mm' on line 7247.
.................................................
.................................................
. LaTeX info: "xparse/define-command"
. 
. Defining command \DeclareSIPrefix with sig. 'mmm' on line 7250.
.................................................
.................................................
. LaTeX info: "xparse/define-command"
. 
. Defining command \DeclareSIPrePower with sig. 'mm' on line 7253.
.................................................
.................................................
. LaTeX info: "xparse/define-command"
. 
. Defining command \DeclareSIQualifier with sig. 'mm' on line 7256.
.................................................
.................................................
. LaTeX info: "xparse/define-command"
. 
. Defining command \DeclareSIUnit with sig. 'O{}mm' on line 7259.
.................................................
.................................................
. LaTeX info: "xparse/define-command"
. 
. Defining command \DeclareSIUnitWithOptions with sig. 'mmm' on line 7262.
.................................................
.................................................
. LaTeX info: "xparse/define-command"
. 
. Defining command \ang with sig. 'o>{\SplitArgument {2}{;}}m' on line 7277.
.................................................
.................................................
. LaTeX info: "xparse/define-command"
. 
. Defining command \num with sig. 'om' on line 7286.
.................................................
.................................................
. LaTeX info: "xparse/define-command"
. 
. Defining command \numlist with sig. 'o>{\SplitList {;}}m' on line 7295.
.................................................
.................................................
. LaTeX info: "xparse/define-command"
. 
. Defining command \numrange with sig. 'omm' on line 7304.
.................................................
.................................................
. LaTeX info: "xparse/define-command"
. 
. Defining command \SIlist with sig. 'o>{\SplitList {;}}mm' on line 7316.
.................................................
.................................................
. LaTeX info: "xparse/define-command"
. 
. Defining command \SIrange with sig. 'ommm' on line 7328.
.................................................
.................................................
. LaTeX info: "xparse/define-command"
. 
. Defining command \SI with sig. 'omom' on line 7340.
.................................................
.................................................
. LaTeX info: "xparse/define-command"
. 
. Defining command \sisetup with sig. 'm' on line 7343.
.................................................
.................................................
. LaTeX info: "xparse/define-command"
. 
. Defining command \tablenum with sig. 'om' on line 7358.
.................................................
.................................................
. LaTeX info: "xparse/define-command"
. 
. Defining command \si with sig. 'om' on line 7370.
.................................................
.................................................
. LaTeX info: "xparse/define-command"
. 
. Defining command \numInBookmark with sig. 'om' on line 7417.
.................................................
.................................................
. LaTeX info: "xparse/define-command"
. 
. Defining command \numrangeInBookmark with sig. 'omm' on line 7419.
.................................................
.................................................
. LaTeX info: "xparse/define-command"
. 
. Defining command \SIInBookmark with sig. 'omom' on line 7421.
.................................................
.................................................
. LaTeX info: "xparse/define-command"
. 
. Defining command \SIlistInBookmark with sig. 'omm' on line 7423.
.................................................
.................................................
. LaTeX info: "xparse/define-command"
. 
. Defining command \SIrangeInBookmark with sig. 'ommm' on line 7425.
.................................................
.................................................
. LaTeX info: "xparse/define-command"
. 
. Defining command \siInBookmark with sig. 'om' on line 7426.
.................................................

(/usr/local/texlive/2018/texmf-dist/tex/latex/translator/translator.sty
Package: translator 2018/01/04 v1.12 Easy translation of strings in LaTeX
)) (/usr/local/texlive/2018/texmf-dist/tex/latex/lineno/lineno.sty
Package: lineno 2005/11/02 line numbers on paragraphs v4.41
\linenopenalty=\count283
\output=\toks23
\linenoprevgraf=\count284
\linenumbersep=\dimen189
\linenumberwidth=\dimen190
\c@linenumber=\count285
\c@pagewiselinenumber=\count286
\c@LN@truepage=\count287
\c@internallinenumber=\count288
\c@internallinenumbers=\count289
\quotelinenumbersep=\dimen191
\bframerule=\dimen192
\bframesep=\dimen193
\bframebox=\box52
LaTeX Info: Redefining \\ on input line 3056.
) (/usr/local/texlive/2018/texmf-dist/tex/latex/tools/xspace.sty
Package: xspace 2014/10/28 v1.13 Space after command names (DPC,MH)
) (/usr/local/texlive/2018/texmf-dist/tex/latex/oberdiek/epstopdf.sty
Package: epstopdf 2016/05/15 v2.6 Conversion with epstopdf on the fly (HO)
 (/usr/local/texlive/2018/texmf-dist/tex/latex/oberdiek/epstopdf-base.sty
Package: epstopdf-base 2016/05/15 v2.6 Base part for package epstopdf
 (/usr/local/texlive/2018/texmf-dist/tex/generic/oberdiek/infwarerr.sty
Package: infwarerr 2016/05/16 v1.4 Providing info/warning/error messages (HO)
) (/usr/local/texlive/2018/texmf-dist/tex/latex/oberdiek/grfext.sty
Package: grfext 2016/05/16 v1.2 Manage graphics extensions (HO)
 (/usr/local/texlive/2018/texmf-dist/tex/generic/oberdiek/kvdefinekeys.sty
Package: kvdefinekeys 2016/05/16 v1.4 Define keys (HO)
 (/usr/local/texlive/2018/texmf-dist/tex/generic/oberdiek/ltxcmds.sty
Package: ltxcmds 2016/05/16 v1.23 LaTeX kernel commands for general use (HO)
))) (/usr/local/texlive/2018/texmf-dist/tex/latex/oberdiek/kvoptions.sty
Package: kvoptions 2016/05/16 v3.12 Key value format for package options (HO)
 (/usr/local/texlive/2018/texmf-dist/tex/generic/oberdiek/kvsetkeys.sty
Package: kvsetkeys 2016/05/16 v1.17 Key value parser (HO)
 (/usr/local/texlive/2018/texmf-dist/tex/generic/oberdiek/etexcmds.sty
Package: etexcmds 2016/05/16 v1.6 Avoid name clashes with e-TeX commands (HO)
 (/usr/local/texlive/2018/texmf-dist/tex/generic/oberdiek/ifluatex.sty
Package: ifluatex 2016/05/16 v1.4 Provides the ifluatex switch (HO)
Package ifluatex Info: LuaTeX not detected.
)
Package etexcmds Info: Could not find \expanded.
(etexcmds)             That can mean that you are not using pdfTeX 1.50 or
(etexcmds)             that some package has redefined \expanded.
(etexcmds)             In the latter case, load this package earlier.
))) (/usr/local/texlive/2018/texmf-dist/tex/generic/oberdiek/pdftexcmds.sty
Package: pdftexcmds 2018/01/30 v0.27 Utility functions of pdfTeX for LuaTeX (HO)
Package pdftexcmds Info: LuaTeX not detected.
Package pdftexcmds Info: \pdf@primitive is available.
Package pdftexcmds Info: \pdf@ifprimitive is available.
Package pdftexcmds Info: \pdfdraftmode found.
)
Package epstopdf-base Info: Redefining graphics rule for `.eps' on input line 438.
Package grfext Info: Graphics extension search list:
(grfext)             [.pdf,.png,.jpg,.mps,.jpeg,.jbig2,.jb2,.PDF,.PNG,.JPG,.JPEG,.JBIG2,.JB2,.eps]
(grfext)             \AppendGraphicsExtensions on input line 456.

(/usr/local/texlive/2018/texmf-dist/tex/latex/latexconfig/epstopdf-sys.cfg
File: epstopdf-sys.cfg 2010/07/13 v1.3 Configuration of (r)epstopdf for TeX Live
))) (./AdditionalPlots.aux)
\openout1 = `AdditionalPlots.aux'.

LaTeX Font Info:    Checking defaults for OML/cmm/m/it on input line 34.
LaTeX Font Info:    ... okay on input line 34.
LaTeX Font Info:    Checking defaults for T1/cmr/m/n on input line 34.
LaTeX Font Info:    ... okay on input line 34.
LaTeX Font Info:    Checking defaults for OT1/cmr/m/n on input line 34.
LaTeX Font Info:    ... okay on input line 34.
LaTeX Font Info:    Checking defaults for OMS/cmsy/m/n on input line 34.
LaTeX Font Info:    ... okay on input line 34.
LaTeX Font Info:    Checking defaults for OMX/cmex/m/n on input line 34.
LaTeX Font Info:    ... okay on input line 34.
LaTeX Font Info:    Checking defaults for U/cmr/m/n on input line 34.
LaTeX Font Info:    ... okay on input line 34.

*geometry* driver: auto-detecting
*geometry* detected driver: pdftex
*geometry* verbose mode - [ preamble ] result:
* driver: pdftex
* paper: a4paper
* layout: <same size as paper>
* layoutoffset:(h,v)=(0.0pt,0.0pt)
* modes: 
* h-part:(L,W,R)=(105.27519pt, 406.87442pt, 85.35826pt)
* v-part:(T,H,B)=(99.58464pt, 660.10394pt, 85.35826pt)
* \paperwidth=597.50787pt
* \paperheight=845.04684pt
* \textwidth=406.87442pt
* \textheight=660.10394pt
* \oddsidemargin=33.0052pt
* \evensidemargin=33.0052pt
* \topmargin=-9.68535pt
* \headheight=12.0pt
* \headsep=25.0pt
* \topskip=10.0pt
* \footskip=30.0pt
* \marginparwidth=57.0pt
* \marginparsep=11.0pt
* \columnsep=10.0pt
* \skip\footins=9.0pt plus 4.0pt minus 2.0pt
* \hoffset=0.0pt
* \voffset=0.0pt
* \mag=1000
* \@twocolumnfalse
* \@twosidefalse
* \@mparswitchfalse
* \@reversemarginfalse
* (1in=72.27pt=25.4mm, 1cm=28.453pt)

(/usr/local/texlive/2018/texmf-dist/tex/context/base/mkii/supp-pdf.mkii
[Loading MPS to PDF converter (version 2006.09.02).]
\scratchcounter=\count290
\scratchdimen=\dimen194
\scratchbox=\box53
\nofMPsegments=\count291
\nofMParguments=\count292
\everyMPshowfont=\toks24
\MPscratchCnt=\count293
\MPscratchDim=\dimen195
\MPnumerator=\count294
\makeMPintoPDFobject=\count295
\everyMPtoPDFconversion=\toks25
)
Package caption Info: Begin \AtBeginDocument code.
Package caption Info: End \AtBeginDocument code.
Now handling font encoding TS1 ...
... processing UTF-8 mapping file for font encoding TS1
 (/usr/local/texlive/2018/texmf-dist/tex/latex/base/ts1enc.dfu
File: ts1enc.dfu 2018/04/05 v1.2c UTF-8 support for inputenc
   defining Unicode char U+00A2 (decimal 162)
   defining Unicode char U+00A3 (decimal 163)
   defining Unicode char U+00A4 (decimal 164)
   defining Unicode char U+00A5 (decimal 165)
   defining Unicode char U+00A6 (decimal 166)
   defining Unicode char U+00A7 (decimal 167)
   defining Unicode char U+00A8 (decimal 168)
   defining Unicode char U+00A9 (decimal 169)
   defining Unicode char U+00AA (decimal 170)
   defining Unicode char U+00AC (decimal 172)
   defining Unicode char U+00AE (decimal 174)
   defining Unicode char U+00AF (decimal 175)
   defining Unicode char U+00B0 (decimal 176)
   defining Unicode char U+00B1 (decimal 177)
   defining Unicode char U+00B2 (decimal 178)
   defining Unicode char U+00B3 (decimal 179)
   defining Unicode char U+00B4 (decimal 180)
   defining Unicode char U+00B5 (decimal 181)
   defining Unicode char U+00B6 (decimal 182)
   defining Unicode char U+00B7 (decimal 183)
   defining Unicode char U+00B9 (decimal 185)
   defining Unicode char U+00BA (decimal 186)
   defining Unicode char U+00BC (decimal 188)
   defining Unicode char U+00BD (decimal 189)
   defining Unicode char U+00BE (decimal 190)
   defining Unicode char U+00D7 (decimal 215)
   defining Unicode char U+00F7 (decimal 247)
   defining Unicode char U+0192 (decimal 402)
   defining Unicode char U+02C7 (decimal 711)
   defining Unicode char U+02D8 (decimal 728)
   defining Unicode char U+02DD (decimal 733)
   defining Unicode char U+0E3F (decimal 3647)
   defining Unicode char U+2016 (decimal 8214)
   defining Unicode char U+2020 (decimal 8224)
   defining Unicode char U+2021 (decimal 8225)
   defining Unicode char U+2022 (decimal 8226)
   defining Unicode char U+2030 (decimal 8240)
   defining Unicode char U+2031 (decimal 8241)
   defining Unicode char U+203B (decimal 8251)
   defining Unicode char U+203D (decimal 8253)
   defining Unicode char U+2044 (decimal 8260)
   defining Unicode char U+204E (decimal 8270)
   defining Unicode char U+2052 (decimal 8274)
   defining Unicode char U+20A1 (decimal 8353)
   defining Unicode char U+20A4 (decimal 8356)
   defining Unicode char U+20A6 (decimal 8358)
   defining Unicode char U+20A9 (decimal 8361)
   defining Unicode char U+20AB (decimal 8363)
   defining Unicode char U+20AC (decimal 8364)
   defining Unicode char U+20B1 (decimal 8369)
   defining Unicode char U+2103 (decimal 8451)
   defining Unicode char U+2116 (decimal 8470)
   defining Unicode char U+2117 (decimal 8471)
   defining Unicode char U+211E (decimal 8478)
   defining Unicode char U+2120 (decimal 8480)
   defining Unicode char U+2122 (decimal 8482)
   defining Unicode char U+2126 (decimal 8486)
   defining Unicode char U+2127 (decimal 8487)
   defining Unicode char U+212E (decimal 8494)
   defining Unicode char U+2190 (decimal 8592)
   defining Unicode char U+2191 (decimal 8593)
   defining Unicode char U+2192 (decimal 8594)
   defining Unicode char U+2193 (decimal 8595)
   defining Unicode char U+2329 (decimal 9001)
   defining Unicode char U+232A (decimal 9002)
   defining Unicode char U+2422 (decimal 9250)
   defining Unicode char U+25E6 (decimal 9702)
   defining Unicode char U+25EF (decimal 9711)
   defining Unicode char U+266A (decimal 9834)
   defining Unicode char U+FEFF (decimal 65279)
) (/usr/local/texlive/2018/texmf-dist/tex/latex/translator/translator-basic-dictionary-English.dict
Dictionary: translator-basic-dictionary, Language: English 
) (/usr/local/texlive/2018/texmf-dist/tex/latex/siunitx/siunitx-abbreviations.cfg
File: siunitx-abbreviations.cfg 2017/11/26 v2.7k siunitx: Abbreviated units
)
LaTeX Font Info:    Try loading font information for U+msa on input line 34.
 (/usr/local/texlive/2018/texmf-dist/tex/latex/amsfonts/umsa.fd
File: umsa.fd 2013/01/14 v3.01 AMS symbols A
)
LaTeX Font Info:    Try loading font information for U+msb on input line 34.
 (/usr/local/texlive/2018/texmf-dist/tex/latex/amsfonts/umsb.fd
File: umsb.fd 2013/01/14 v3.01 AMS symbols B
)
LaTeX Font Info:    Try loading font information for T1+cmss on input line 36.
 (/usr/local/texlive/2018/texmf-dist/tex/latex/base/t1cmss.fd
File: t1cmss.fd 2014/09/29 v2.5h Standard LaTeX font definitions
)
Package epstopdf Info: Source file: <../Draft/fig/Timing_Radius_Comparison_ShortAsymRange_ShowerStart.eps>
(epstopdf)                    date: 2018-05-24 13:22:11
(epstopdf)                    size: 9704 bytes
(epstopdf)             Output file: <../Draft/fig/Timing_Radius_Comparison_ShortAsymRange_ShowerStart-eps-converted-to.pdf>
(epstopdf)                    date: 2018-05-28 16:46:03
(epstopdf)                    size: 11859 bytes
(epstopdf)             Command: <epstopdf --outfile=../Draft/fig/Timing_Radius_Comparison_ShortAsymRange_ShowerStart-eps-converted-to.pdf ../Draft/fig/Timing_Radius_Comparison_ShortAsymRange_ShowerStart.eps>
(epstopdf)             \includegraphics on input line 41.
Package epstopdf Info: Output file is already uptodate.

pdfTeX warning (Object streams): \pdfobjcompresslevel > 0 requires \pdfminorversion > 4. Object streams disabled now.


pdfTeX warning: pdflatex (file ../Draft/fig/Timing_Radius_Comparison_ShortAsymRange_ShowerStart-eps-converted-to.pdf): PDF inclusion: found PDF version <1.5>, but at most version <1.4> allowed
<../Draft/fig/Timing_Radius_Comparison_ShortAsymRange_ShowerStart-eps-converted-to.pdf, id=1, 569.12625pt x 409.53pt>
File: ../Draft/fig/Timing_Radius_Comparison_ShortAsymRange_ShowerStart-eps-converted-to.pdf Graphic file (type pdf)
<use ../Draft/fig/Timing_Radius_Comparison_ShortAsymRange_ShowerStart-eps-converted-to.pdf>
Package pdftex.def Info: ../Draft/fig/Timing_Radius_Comparison_ShortAsymRange_ShowerStart-eps-converted-to.pdf  used on input line 41.
(pdftex.def)             Requested size: 199.3707pt x 143.46262pt.
Package epstopdf Info: Source file: <../Draft/fig/Radius_ShowerStartTruth.eps>
(epstopdf)                    date: 2018-05-09 16:16:14
(epstopdf)                    size: 9611 bytes
(epstopdf)             Output file: <../Draft/fig/Radius_ShowerStartTruth-eps-converted-to.pdf>
(epstopdf)                    date: 2018-05-28 16:46:04
(epstopdf)                    size: 11217 bytes
(epstopdf)             Command: <epstopdf --outfile=../Draft/fig/Radius_ShowerStartTruth-eps-converted-to.pdf ../Draft/fig/Radius_ShowerStartTruth.eps>
(epstopdf)             \includegraphics on input line 47.
Package epstopdf Info: Output file is already uptodate.


pdfTeX warning: pdflatex (file ../Draft/fig/Radius_ShowerStartTruth-eps-converted-to.pdf): PDF inclusion: found PDF version <1.5>, but at most version <1.4> allowed
<../Draft/fig/Radius_ShowerStartTruth-eps-converted-to.pdf, id=2, 569.12625pt x 409.53pt>
File: ../Draft/fig/Radius_ShowerStartTruth-eps-converted-to.pdf Graphic file (type pdf)
<use ../Draft/fig/Radius_ShowerStartTruth-eps-converted-to.pdf>
Package pdftex.def Info: ../Draft/fig/Radius_ShowerStartTruth-eps-converted-to.pdf  used on input line 47.
(pdftex.def)             Requested size: 199.3707pt x 143.46262pt.
Package epstopdf Info: Source file: <../Draft/fig/Timing_Radius_Comparison_ShortAsymRange_ShowerStart_FixedModule.eps>
(epstopdf)                    date: 2018-05-24 13:22:11
(epstopdf)                    size: 10782 bytes
(epstopdf)             Output file: <../Draft/fig/Timing_Radius_Comparison_ShortAsymRange_ShowerStart_FixedModule-eps-converted-to.pdf>
(epstopdf)                    date: 2018-05-28 16:46:04
(epstopdf)                    size: 12227 bytes
(epstopdf)             Command: <epstopdf --outfile=../Draft/fig/Timing_Radius_Comparison_ShortAsymRange_ShowerStart_FixedModule-eps-converted-to.pdf ../Draft/fig/Timing_Radius_Comparison_ShortAsymRange_ShowerStart_FixedModule.eps>
(epstopdf)             \includegraphics on input line 57.
Package epstopdf Info: Output file is already uptodate.


pdfTeX warning: pdflatex (file ../Draft/fig/Timing_Radius_Comparison_ShortAsymRange_ShowerStart_FixedModule-eps-converted-to.pdf): PDF inclusion: found PDF version <1.5>, but at most version <1.4> allowed
<../Draft/fig/Timing_Radius_Comparison_ShortAsymRange_ShowerStart_FixedModule-eps-converted-to.pdf, id=3, 569.12625pt x 409.53pt>
File: ../Draft/fig/Timing_Radius_Comparison_ShortAsymRange_ShowerStart_FixedModule-eps-converted-to.pdf Graphic file (type pdf)
<use ../Draft/fig/Timing_Radius_Comparison_ShortAsymRange_ShowerStart_FixedModule-eps-converted-to.pdf>
Package pdftex.def Info: ../Draft/fig/Timing_Radius_Comparison_ShortAsymRange_ShowerStart_FixedModule-eps-converted-to.pdf  used on input line 57.
(pdftex.def)             Requested size: 199.3707pt x 143.46262pt.
Package epstopdf Info: Source file: <../Draft/fig/Radius_ShowerStartTruth_FixedModule.eps>
(epstopdf)                    date: 2018-05-09 16:16:14
(epstopdf)                    size: 10014 bytes
(epstopdf)             Output file: <../Draft/fig/Radius_ShowerStartTruth_FixedModule-eps-converted-to.pdf>
(epstopdf)                    date: 2018-05-28 16:46:04
(epstopdf)                    size: 10674 bytes
(epstopdf)             Command: <epstopdf --outfile=../Draft/fig/Radius_ShowerStartTruth_FixedModule-eps-converted-to.pdf ../Draft/fig/Radius_ShowerStartTruth_FixedModule.eps>
(epstopdf)             \includegraphics on input line 63.
Package epstopdf Info: Output file is already uptodate.


pdfTeX warning: pdflatex (file ../Draft/fig/Radius_ShowerStartTruth_FixedModule-eps-converted-to.pdf): PDF inclusion: found PDF version <1.5>, but at most version <1.4> allowed
<../Draft/fig/Radius_ShowerStartTruth_FixedModule-eps-converted-to.pdf, id=4, 569.12625pt x 409.53pt>
File: ../Draft/fig/Radius_ShowerStartTruth_FixedModule-eps-converted-to.pdf Graphic file (type pdf)
<use ../Draft/fig/Radius_ShowerStartTruth_FixedModule-eps-converted-to.pdf>
Package pdftex.def Info: ../Draft/fig/Radius_ShowerStartTruth_FixedModule-eps-converted-to.pdf  used on input line 63.
(pdftex.def)             Requested size: 199.3707pt x 143.46262pt.
Package epstopdf Info: Source file: <../Draft/fig/Time_Correlation_short.eps>
(epstopdf)                    date: 2018-06-04 16:38:24
(epstopdf)                    size: 36644 bytes
(epstopdf)             Output file: <../Draft/fig/Time_Correlation_short-eps-converted-to.pdf>
(epstopdf)                    date: 2018-06-04 16:39:19
(epstopdf)                    size: 19255 bytes
(epstopdf)             Command: <epstopdf --outfile=../Draft/fig/Time_Correlation_short-eps-converted-to.pdf ../Draft/fig/Time_Correlation_short.eps>
(epstopdf)             \includegraphics on input line 73.
Package epstopdf Info: Output file is already uptodate.


pdfTeX warning: pdflatex (file ../Draft/fig/Time_Correlation_short-eps-converted-to.pdf): PDF inclusion: found PDF version <1.5>, but at most version <1.4> allowed
<../Draft/fig/Time_Correlation_short-eps-converted-to.pdf, id=5, 569.12625pt x 409.53pt>
File: ../Draft/fig/Time_Correlation_short-eps-converted-to.pdf Graphic file (type pdf)
<use ../Draft/fig/Time_Correlation_short-eps-converted-to.pdf>
Package pdftex.def Info: ../Draft/fig/Time_Correlation_short-eps-converted-to.pdf  used on input line 73.
(pdftex.def)             Requested size: 199.3707pt x 143.46262pt.
Package epstopdf Info: Source file: <../Draft/fig/Time_Correlation_50GeV_short_QGSPBERTHP_DD4hep.eps>
(epstopdf)                    date: 2018-05-21 17:10:22
(epstopdf)                    size: 38651 bytes
(epstopdf)             Output file: <../Draft/fig/Time_Correlation_50GeV_short_QGSPBERTHP_DD4hep-eps-converted-to.pdf>
(epstopdf)                    date: 2018-06-04 15:54:09
(epstopdf)                    size: 20558 bytes
(epstopdf)             Command: <epstopdf --outfile=../Draft/fig/Time_Correlation_50GeV_short_QGSPBERTHP_DD4hep-eps-converted-to.pdf ../Draft/fig/Time_Correlation_50GeV_short_QGSPBERTHP_DD4hep.eps>
(epstopdf)             \includegraphics on input line 79.
Package epstopdf Info: Output file is already uptodate.


pdfTeX warning: pdflatex (file ../Draft/fig/Time_Correlation_50GeV_short_QGSPBERTHP_DD4hep-eps-converted-to.pdf): PDF inclusion: found PDF version <1.5>, but at most version <1.4> allowed
<../Draft/fig/Time_Correlation_50GeV_short_QGSPBERTHP_DD4hep-eps-converted-to.pdf, id=6, 569.12625pt x 409.53pt>
File: ../Draft/fig/Time_Correlation_50GeV_short_QGSPBERTHP_DD4hep-eps-converted-to.pdf Graphic file (type pdf)
<use ../Draft/fig/Time_Correlation_50GeV_short_QGSPBERTHP_DD4hep-eps-converted-to.pdf>
Package pdftex.def Info: ../Draft/fig/Time_Correlation_50GeV_short_QGSPBERTHP_DD4hep-eps-converted-to.pdf  used on input line 79.
(pdftex.def)             Requested size: 199.3707pt x 143.46262pt.
Package epstopdf Info: Source file: <../Draft/fig/Time_Correlation_long.eps>
(epstopdf)                    date: 2018-06-04 16:38:15
(epstopdf)                    size: 74011 bytes
(epstopdf)             Output file: <../Draft/fig/Time_Correlation_long-eps-converted-to.pdf>
(epstopdf)                    date: 2018-06-04 16:39:19
(epstopdf)                    size: 30230 bytes
(epstopdf)             Command: <epstopdf --outfile=../Draft/fig/Time_Correlation_long-eps-converted-to.pdf ../Draft/fig/Time_Correlation_long.eps>
(epstopdf)             \includegraphics on input line 89.
Package epstopdf Info: Output file is already uptodate.


pdfTeX warning: pdflatex (file ../Draft/fig/Time_Correlation_long-eps-converted-to.pdf): PDF inclusion: found PDF version <1.5>, but at most version <1.4> allowed
<../Draft/fig/Time_Correlation_long-eps-converted-to.pdf, id=7, 569.12625pt x 409.53pt>
File: ../Draft/fig/Time_Correlation_long-eps-converted-to.pdf Graphic file (type pdf)
<use ../Draft/fig/Time_Correlation_long-eps-converted-to.pdf>
Package pdftex.def Info: ../Draft/fig/Time_Correlation_long-eps-converted-to.pdf  used on input line 89.
(pdftex.def)             Requested size: 199.3707pt x 143.46262pt.
Package epstopdf Info: Source file: <../Draft/fig/Time_Correlation_50GeV_long_QGSPBERTHP_DD4hep.eps>
(epstopdf)                    date: 2018-05-09 16:10:18
(epstopdf)                    size: 65987 bytes
(epstopdf)             Output file: <../Draft/fig/Time_Correlation_50GeV_long_QGSPBERTHP_DD4hep-eps-converted-to.pdf>
(epstopdf)                    date: 2018-05-09 16:10:18
(epstopdf)                    size: 29351 bytes
(epstopdf)             Command: <epstopdf --outfile=../Draft/fig/Time_Correlation_50GeV_long_QGSPBERTHP_DD4hep-eps-converted-to.pdf ../Draft/fig/Time_Correlation_50GeV_long_QGSPBERTHP_DD4hep.eps>
(epstopdf)             \includegraphics on input line 95.
Package epstopdf Info: Output file is already uptodate.


pdfTeX warning: pdflatex (file ../Draft/fig/Time_Correlation_50GeV_long_QGSPBERTHP_DD4hep-eps-converted-to.pdf): PDF inclusion: found PDF version <1.5>, but at most version <1.4> allowed
<../Draft/fig/Time_Correlation_50GeV_long_QGSPBERTHP_DD4hep-eps-converted-to.pdf, id=8, 569.12625pt x 409.53pt>
File: ../Draft/fig/Time_Correlation_50GeV_long_QGSPBERTHP_DD4hep-eps-converted-to.pdf Graphic file (type pdf)
<use ../Draft/fig/Time_Correlation_50GeV_long_QGSPBERTHP_DD4hep-eps-converted-to.pdf>
Package pdftex.def Info: ../Draft/fig/Time_Correlation_50GeV_long_QGSPBERTHP_DD4hep-eps-converted-to.pdf  used on input line 95.
(pdftex.def)             Requested size: 199.3707pt x 143.46262pt.
Package epstopdf Info: Source file: <../Draft/fig/Time_Correlation_long_Zoom.eps>
(epstopdf)                    date: 2018-06-04 16:38:19
(epstopdf)                    size: 21194 bytes
(epstopdf)             Output file: <../Draft/fig/Time_Correlation_long_Zoom-eps-converted-to.pdf>
(epstopdf)                    date: 2018-06-04 16:42:02
(epstopdf)                    size: 13781 bytes
(epstopdf)             Command: <epstopdf --outfile=../Draft/fig/Time_Correlation_long_Zoom-eps-converted-to.pdf ../Draft/fig/Time_Correlation_long_Zoom.eps>
(epstopdf)             \includegraphics on input line 105.
Package epstopdf Info: Output file is already uptodate.


pdfTeX warning: pdflatex (file ../Draft/fig/Time_Correlation_long_Zoom-eps-converted-to.pdf): PDF inclusion: found PDF version <1.5>, but at most version <1.4> allowed
<../Draft/fig/Time_Correlation_long_Zoom-eps-converted-to.pdf, id=9, 569.12625pt x 409.53pt>
File: ../Draft/fig/Time_Correlation_long_Zoom-eps-converted-to.pdf Graphic file (type pdf)
<use ../Draft/fig/Time_Correlation_long_Zoom-eps-converted-to.pdf>
Package pdftex.def Info: ../Draft/fig/Time_Correlation_long_Zoom-eps-converted-to.pdf  used on input line 105.
(pdftex.def)             Requested size: 199.3707pt x 143.46262pt.
Package epstopdf Info: Source file: <../Draft/fig/Time_Correlation_50GeV_long_QGSPBERTHP_DD4hep_Zoom.eps>
(epstopdf)                    date: 2018-06-04 16:38:10
(epstopdf)                    size: 22890 bytes
(epstopdf)             Output file: <../Draft/fig/Time_Correlation_50GeV_long_QGSPBERTHP_DD4hep_Zoom-eps-converted-to.pdf>
(epstopdf)                    date: 2018-06-04 16:42:02
(epstopdf)                    size: 15055 bytes
(epstopdf)             Command: <epstopdf --outfile=../Draft/fig/Time_Correlation_50GeV_long_QGSPBERTHP_DD4hep_Zoom-eps-converted-to.pdf ../Draft/fig/Time_Correlation_50GeV_long_QGSPBERTHP_DD4hep_Zoom.eps>
(epstopdf)             \includegraphics on input line 111.
Package epstopdf Info: Output file is already uptodate.


pdfTeX warning: pdflatex (file ../Draft/fig/Time_Correlation_50GeV_long_QGSPBERTHP_DD4hep_Zoom-eps-converted-to.pdf): PDF inclusion: found PDF version <1.5>, but at most version <1.4> allowed
<../Draft/fig/Time_Correlation_50GeV_long_QGSPBERTHP_DD4hep_Zoom-eps-converted-to.pdf, id=10, 569.12625pt x 409.53pt>
File: ../Draft/fig/Time_Correlation_50GeV_long_QGSPBERTHP_DD4hep_Zoom-eps-converted-to.pdf Graphic file (type pdf)
<use ../Draft/fig/Time_Correlation_50GeV_long_QGSPBERTHP_DD4hep_Zoom-eps-converted-to.pdf>
Package pdftex.def Info: ../Draft/fig/Time_Correlation_50GeV_long_QGSPBERTHP_DD4hep_Zoom-eps-converted-to.pdf  used on input line 111.
(pdftex.def)             Requested size: 199.3707pt x 143.46262pt.
[1

{/usr/local/texlive/2018/texmf-var/fonts/map/pdftex/updmap/pdftex.map} <../Draft/fig/Timing_Radius_Comparison_ShortAsymRange_ShowerStart-eps-converted-to.pdf> <../Draft/fig/Radius_ShowerStartTruth-eps-converted-to.pdf> <../Draft/fig/Timing_Radius_Comparison_ShortAsymRange_ShowerStart_FixedModule-eps-converted-to.pdf> <../Draft/fig/Radius_ShowerStartTruth_FixedModule-eps-converted-to.pdf>] [2 <../Draft/fig/Time_Correlation_short-eps-converted-to.pdf> <../Draft/fig/Time_Correlation_50GeV_short_QGSPBERTHP_DD4hep-eps-converted-to.pdf> <../Draft/fig/Time_Correlation_long-eps-converted-to.pdf> <../Draft/fig/Time_Correlation_50GeV_long_QGSPBERTHP_DD4hep-eps-converted-to.pdf>] [3 <../Draft/fig/Time_Correlation_long_Zoom-eps-converted-to.pdf> <../Draft/fig/Time_Correlation_50GeV_long_QGSPBERTHP_DD4hep_Zoom-eps-converted-to.pdf>] (./AdditionalPlots.aux) ) 
Here is how much of TeX's memory you used:
 15381 strings out of 492649
 312456 string characters out of 6129623
 329759 words of memory out of 5000000
 19142 multiletter control sequences out of 15000+600000
 538665 words of font info for 43 fonts, out of 8000000 for 9000
 1141 hyphenation exceptions out of 8191
 42i,7n,40p,10367b,535s stack positions out of 5000i,500n,10000p,200000b,80000s
{/usr/local/texlive/2018/texmf-dist/fonts/enc/dvips/cm-super/cm-super-t1.enc}</usr/local/texlive/2018/texmf-dist/fonts/type1/public/cm-super/sf
bx1440.pfb></usr/local/texlive/2018/texmf-dist/fonts/type1/public/cm-super/sfcc1000.pfb></usr/local/texlive/2018/texmf-dist/fonts/type1/public/cm-super/sfrm0900.pfb></usr/local/texlive/2018/texmf-dist/fonts/type1/public/cm-super/sfrm1000.pfb></usr/local/texlive/2018/texmf-dist/fonts/type1/public/cm-super/sfss0500.pfb>
Output written on AdditionalPlots.pdf (3 pages, 220237 bytes).
PDF statistics:
 173 PDF objects out of 1000 (max. 8388607)
 0 named destinations out of 1000 (max. 500000)
 51 words of extra memory for PDF output out of 10000 (max. 10000000)

